Hibernate: drop table if exists ticket_comments cascade 
Hibernate: drop table if exists ticket_images cascade 
Hibernate: drop table if exists users cascade 
Hibernate: create table auth_logs (timestamp timestamp(6), id uuid not null, email varchar(255), ip_address varchar(255), status varchar(255) check (status in ('SUCCESS','FAILED')), primary key (id))
Hibernate: create table bookings (attendees integer, booking_date date not null, end_time time(6) not null, start_time time(6) not null, approved_at timestamp(6), cancelled_at timestamp(6), created_at timestamp(6), id bigint generated by default as identity, rejected_at timestamp(6), resource_id bigint, rejection_reason varchar(500), special_requests varchar(1000), approved_by varchar(255), booking_reference varchar(255) unique, cancelled_by varchar(255), purpose varchar(255) not null, rejected_by varchar(255), status varchar(255), student_email varchar(255) not null, student_name varchar(255) not null, student_phone varchar(255), primary key (id))
Hibernate: create table course_labs (available boolean not null, capacity integer not null, id bigint generated by default as identity, lab_name varchar(255), location varchar(255), software varchar(255), primary key (id))
Hibernate: create table equipment (id bigint generated by default as identity, equipment_name varchar(255), type varchar(255), primary key (id))
Hibernate: create table incident_tickets (created_at timestamp(6), id bigint generated by default as identity, updated_at timestamp(6), description varchar(1000), resolution_notes varchar(1000), assigned_to varchar(255), category varchar(255), created_by varchar(255), preferred_contact varchar(255), priority varchar(255), room_id varchar(255), status varchar(255), title varchar(255), primary key (id))
Hibernate: create table notifications (is_read boolean not null, created_at timestamp(6), id bigint generated by default as identity, user_id bigint, message varchar(255), primary key (id))
Hibernate: create table resource_amenities (resource_id bigint not null, amenity varchar(255))
Hibernate: create table resource_features (resource_id bigint not null, feature varchar(255))
Hibernate: create table resource_images (resource_id bigint not null, image_url varchar(500))
Hibernate: create table resources (capacity integer, is_popular boolean, price_per_hour float(53), rating float(53), review_count integer, created_at timestamp(6), id bigint generated by default as identity, updated_at timestamp(6), description varchar(1000), contact_email varchar(255), contact_person varchar(255), location varchar(255), name varchar(255), rules varchar(255), status varchar(255), type varchar(255), primary key (id))
Hibernate: create table ticket_comments (created_at timestamp(6), id bigint generated by default as identity, ticket_id bigint not null, comment_text varchar(1000) not null, author varchar(255), primary key (id))
Hibernate: create table ticket_images (ticket_id bigint not null, image_url varchar(255))
Hibernate: create table users (is_enabled bit default 0 not null, id bigint generated by default as identity, email varchar(255), name varchar(255), otp_code varchar(255), password varchar(255), role varchar(255), primary key (id))
Hibernate: alter table if exists bookings add constraint FK9nmcopsvhdggf4ywp5190ytb4 foreign key (resource_id) references resources
Hibernate: alter table if exists resource_amenities add constraint FK12ml6eb1jtolkf4xxyv3kyaqh foreign key (resource_id) references resources
Hibernate: alter table if exists resource_features add constraint FK5gchtjwqyu10lw349htmu3c51 foreign key (resource_id) references resources
Hibernate: alter table if exists resource_images add constraint FK7qhbson6jygyupb7ai5g58cc5 foreign key (resource_id) references resources
Hibernate: alter table if exists ticket_comments add constraint FKp7vxnf9o27yfcamasx736xw7c foreign key (ticket_id) references incident_tickets
Hibernate: alter table if exists ticket_images add constraint FKl5mcxbexwirb9mmwpm2vj2ipi foreign key (ticket_id) references incident_tickets
2026-04-16T01:40:34.602+05:30  INFO 14628 --- [           main] j.LocalContainerEntityManagerFactoryBean : Initialized JPA EntityManagerFactory for persistence unit 'default'
2026-04-16T01:40:34.986+05:30  INFO 14628 --- [           main] o.s.d.j.r.query.QueryEnhancerFactory     : Hibernate is in classpath; If applicable, HQL parser will be used.
2026-04-16T01:40:35.842+05:30  WARN 14628 --- [           main] JpaBaseConfiguration$JpaWebConfiguration : spring.jpa.open-in-view is enabled by default. Therefore, database queries may be performed during view rendering. Explicitly configure spring.jpa.open-in-view to disable this warning
2026-04-16T01:40:35.976+05:30  INFO 14628 --- [           main] o.s.b.a.w.s.WelcomePageHandlerMapping    : Adding welcome page: class path resource [static/index.html]
2026-04-16T01:40:36.191+05:30  INFO 14628 --- [           main] o.s.s.web.DefaultSecurityFilterChain     : Will secure any request with [org.springframework.security.web.session.DisableEncodeUrlFilter@5769eb7b, org.springframework.security.web.context.request.async.WebAsyncManagerIntegrationFilter@16bee5fe, org.springframework.security.web.context.SecurityContextHolderFilter@5fdd9b96, org.springframework.security.web.header.HeaderWriterFilter@76b51e5f, org.springframework.security.web.authentication.logout.LogoutFilter@7d89a1ce, org.springframework.security.oauth2.client.web.OAuth2AuthorizationRequestRedirectFilter@7d9c448f, org.springframework.security.oauth2.client.web.OAuth2LoginAuthenticationFilter@4f01d2ea, com.sliit.smartcampus.security.JwtAuthenticationFilter@498f1f63, org.springframework.security.web.authentication.ui.DefaultLoginPageGeneratingFilter@2375fe4a, org.springframework.security.web.authentication.ui.DefaultLogoutPageGeneratingFilter@74873b07, org.springframework.security.web.savedrequest.RequestCacheAwareFilter@5ee29735, org.springframework.security.web.servletapi.SecurityContextHolderAwareRequestFilter@431ac922, org.springframework.security.web.authentication.AnonymousAuthenticationFilter@3c72031c, org.springframework.security.web.session.SessionManagementFilter@591ad4b3, org.springframework.security.web.access.ExceptionTranslationFilter@176b3279, org.springframework.security.web.access.intercept.AuthorizationFilter@3460165f]
2026-04-16T01:40:36.468+05:30  INFO 14628 --- [           main] o.s.b.w.embedded.tomcat.TomcatWebServer  : Tomcat started on port 8081 (http) with context path ''
2026-04-16T01:40:36.470+05:30  INFO 14628 --- [           main] o.s.m.s.b.SimpleBrokerMessageHandler     : Starting...
2026-04-16T01:40:36.471+05:30  INFO 14628 --- [           main] o.s.m.s.b.SimpleBrokerMessageHandler     : BrokerAvailabilityEvent[available=true, SimpleBrokerMessageHandler [org.springframework.messaging.simp.broker.DefaultSubscriptionRegistry@8c2bb88]]
2026-04-16T01:40:36.471+05:30  INFO 14628 --- [           main] o.s.m.s.b.SimpleBrokerMessageHandler     : Started.
2026-04-16T01:40:36.477+05:30  INFO 14628 --- [           main] c.s.smartcampus.SmartcampusApplication   : Started SmartcampusApplication in 5.442 seconds (process running for 5.764)
Hibernate: select u1_0.id,u1_0.email,u1_0.is_enabled,u1_0.name,u1_0.otp_code,u1_0.password,u1_0.role from users u1_0 where u1_0.email=?
Hibernate: insert into users (email,is_enabled,name,otp_code,password,role,id) values (?,?,?,?,?,?,default)
>> Smart Campus Admin User Initialized.
Hibernate: select u1_0.id,u1_0.email,u1_0.is_enabled,u1_0.name,u1_0.otp_code,u1_0.password,u1_0.role from users u1_0 where u1_0.email=?
Hibernate: insert into users (email,is_enabled,name,otp_code,password,role,id) values (?,?,?,?,?,?,default)
>>>> Smart Campus Student User Initialized.
Hibernate: select u1_0.id,u1_0.email,u1_0.is_enabled,u1_0.name,u1_0.otp_code,u1_0.password,u1_0.role from users u1_0 where u1_0.email=?
Hibernate: insert into users (email,is_enabled,name,otp_code,password,role,id) values (?,?,?,?,?,?,default)
>>>> MFA Test Admin (udanten2@gmail.com) Initialized.
Hibernate: select count(*) from course_labs cl1_0
Hibernate: insert into course_labs (available,capacity,lab_name,location,software,id) values (?,?,?,?,?,default)
Hibernate: insert into course_labs (available,capacity,lab_name,location,software,id) values (?,?,?,?,?,default)
Hibernate: insert into course_labs (available,capacity,lab_name,location,software,id) values (?,?,?,?,?,default)
Hibernate: insert into course_labs (available,capacity,lab_name,location,software,id) values (?,?,?,?,?,default)
>> Smart Campus Lab Directory Initialized.
2026-04-16T01:41:16.920+05:30  INFO 14628 --- [nio-8081-exec-1] o.a.c.c.C.[Tomcat].[localhost].[/]       : Initializing Spring DispatcherServlet 'dispatcherServlet'
2026-04-16T01:41:16.920+05:30  INFO 14628 --- [nio-8081-exec-1] o.s.web.servlet.DispatcherServlet        : Initializing Servlet 'dispatcherServlet'
2026-04-16T01:41:16.922+05:30  INFO 14628 --- [nio-8081-exec-1] o.s.web.servlet.DispatcherServlet        : Completed initialization in 2 ms
2026-04-16T01:41:16.945+05:30 ERROR 14628 --- [nio-8081-exec-1] o.a.c.c.C.[.[.[/].[dispatcherServlet]    : Servlet.service() for servlet [dispatcherServlet] in context with path [] threw exception

org.springframework.web.util.pattern.PatternParseException: No more pattern data allowed after {*...} or ** pattern element
	at org.springframework.web.util.pattern.InternalPathPatternParser.peekDoubleWildcard(InternalPathPatternParser.java:250) ~[spring-web-6.1.5.jar:6.1.5]
	at org.springframework.web.util.pattern.InternalPathPatternParser.parse(InternalPathPatternParser.java:113) ~[spring-web-6.1.5.jar:6.1.5]
	at org.springframework.web.util.pattern.PathPatternParser.parse(PathPatternParser.java:129) ~[spring-web-6.1.5.jar:6.1.5]
	at org.springframework.web.servlet.handler.PathPatternMatchableHandlerMapping.lambda$match$0(PathPatternMatchableHandlerMapping.java:64) ~[spring-webmvc-6.1.5.jar:6.1.5]
	at java.base/java.util.concurrent.ConcurrentHashMap.computeIfAbsent(ConcurrentHashMap.java:1724) ~[na:na]
	at org.springframework.web.servlet.handler.PathPatternMatchableHandlerMapping.match(PathPatternMatchableHandlerMapping.java:62) ~[spring-webmvc-6.1.5.jar:6.1.5]
	at org.springframework.web.servlet.handler.HandlerMappingIntrospector$LookupPathMatchableHandlerMapping.match(HandlerMappingIntrospector.java:546) ~[spring-webmvc-6.1.5.jar:6.1.5]
	at org.springframework.security.web.servlet.util.matcher.MvcRequestMatcher.matcher(MvcRequestMatcher.java:95) ~[spring-security-web-6.2.3.jar:6.2.3]
	at org.springframework.security.config.annotation.web.AbstractRequestMatcherRegistry$DispatcherServletDelegatingRequestMatcher.matcher(AbstractRequestMatcherRegistry.java:546) ~[spring-security-config-6.2.3.jar:6.2.3]
	at org.springframework.security.web.access.intercept.RequestMatcherDelegatingAuthorizationManager.check(RequestMatcherDelegatingAuthorizationManager.java:79) ~[spring-security-web-6.2.3.jar:6.2.3]
	at org.springframework.security.web.access.intercept.RequestMatcherDelegatingAuthorizationManager.check(RequestMatcherDelegatingAuthorizationManager.java:48) ~[spring-security-web-6.2.3.jar:6.2.3]
	at org.springframework.security.web.access.intercept.AuthorizationFilter.doFilter(AuthorizationFilter.java:95) ~[spring-security-web-6.2.3.jar:6.2.3]
	at org.springframework.security.web.FilterChainProxy$VirtualFilterChain.doFilter(FilterChainProxy.java:374) ~[spring-security-web-6.2.3.jar:6.2.3]
	at org.springframework.security.web.access.ExceptionTranslationFilter.doFilter(ExceptionTranslationFilter.java:126) ~[spring-security-web-6.2.3.jar:6.2.3]
	at org.springframework.security.web.access.ExceptionTranslationFilter.doFilter(ExceptionTranslationFilter.java:120) ~[spring-security-web-6.2.3.jar:6.2.3]
	at org.springframework.security.web.FilterChainProxy$VirtualFilterChain.doFilter(FilterChainProxy.java:374) ~[spring-security-web-6.2.3.jar:6.2.3]
	at org.springframework.security.web.session.SessionManagementFilter.doFilter(SessionManagementFilter.java:131) ~[spring-security-web-6.2.3.jar:6.2.3]
	at org.springframework.security.web.session.SessionManagementFilter.doFilter(SessionManagementFilter.java:85) ~[spring-security-web-6.2.3.jar:6.2.3]
	at org.springframework.security.web.FilterChainProxy$VirtualFilterChain.doFilter(FilterChainProxy.java:374) ~[spring-security-web-6.2.3.jar:6.2.3]
	at org.springframework.security.web.authentication.AnonymousAuthenticationFilter.doFilter(AnonymousAuthenticationFilter.java:100) ~[spring-security-web-6.2.3.jar:6.2.3]
	at org.springframework.security.web.FilterChainProxy$VirtualFilterChain.doFilter(FilterChainProxy.java:374) ~[spring-security-web-6.2.3.jar:6.2.3]
	at org.springframework.security.web.servletapi.SecurityContextHolderAwareRequestFilter.doFilter(SecurityContextHolderAwareRequestFilter.java:179) ~[spring-security-web-6.2.3.jar:6.2.3]
	at org.springframework.security.web.FilterChainProxy$VirtualFilterChain.doFilter(FilterChainProxy.java:374) ~[spring-security-web-6.2.3.jar:6.2.3]
	at org.springframework.security.web.savedrequest.RequestCacheAwareFilter.doFilter(RequestCacheAwareFilter.java:63) ~[spring-security-web-6.2.3.jar:6.2.3]
	at org.springframework.security.web.FilterChainProxy$VirtualFilterChain.doFilter(FilterChainProxy.java:374) ~[spring-security-web-6.2.3.jar:6.2.3]
	at org.springframework.security.web.authentication.ui.DefaultLogoutPageGeneratingFilter.doFilterInternal(DefaultLogoutPageGeneratingFilter.java:58) ~[spring-security-web-6.2.3.jar:6.2.3]
	at org.springframework.web.filter.OncePerRequestFilter.doFilter(OncePerRequestFilter.java:116) ~[spring-web-6.1.5.jar:6.1.5]
	at org.springframework.security.web.FilterChainProxy$VirtualFilterChain.doFilter(FilterChainProxy.java:374) ~[spring-security-web-6.2.3.jar:6.2.3]
	at org.springframework.security.web.authentication.ui.DefaultLoginPageGeneratingFilter.doFilter(DefaultLoginPageGeneratingFilter.java:189) ~[spring-security-web-6.2.3.jar:6.2.3]
	at org.springframework.security.web.authentication.ui.DefaultLoginPageGeneratingFilter.doFilter(DefaultLoginPageGeneratingFilter.java:175) ~[spring-security-web-6.2.3.jar:6.2.3]
	at org.springframework.security.web.FilterChainProxy$VirtualFilterChain.doFilter(FilterChainProxy.java:374) ~[spring-security-web-6.2.3.jar:6.2.3]
	at com.sliit.smartcampus.security.JwtAuthenticationFilter.doFilterInternal(JwtAuthenticationFilter.java:53) ~[classes/:na]
	at org.springframework.web.filter.OncePerRequestFilter.doFilter(OncePerRequestFilter.java:116) ~[spring-web-6.1.5.jar:6.1.5]
	at org.springframework.security.web.FilterChainProxy$VirtualFilterChain.doFilter(FilterChainProxy.java:374) ~[spring-security-web-6.2.3.jar:6.2.3]
	at org.springframework.security.web.authentication.AbstractAuthenticationProcessingFilter.doFilter(AbstractAuthenticationProcessingFilter.java:227) ~[spring-security-web-6.2.3.jar:6.2.3]
	at org.springframework.security.web.authentication.AbstractAuthenticationProcessingFilter.doFilter(AbstractAuthenticationProcessingFilter.java:221) ~[spring-security-web-6.2.3.jar:6.2.3]
	at org.springframework.security.web.FilterChainProxy$VirtualFilterChain.doFilter(FilterChainProxy.java:374) ~[spring-security-web-6.2.3.jar:6.2.3]
	at org.springframework.security.oauth2.client.web.OAuth2AuthorizationRequestRedirectFilter.doFilterInternal(OAuth2AuthorizationRequestRedirectFilter.java:181) ~[spring-security-oauth2-client-6.2.3.jar:6.2.3]
	at org.springframework.web.filter.OncePerRequestFilter.doFilter(OncePerRequestFilter.java:116) ~[spring-web-6.1.5.jar:6.1.5]
	at org.springframework.security.web.FilterChainProxy$VirtualFilterChain.doFilter(FilterChainProxy.java:374) ~[spring-security-web-6.2.3.jar:6.2.3]
	at org.springframework.security.web.authentication.logout.LogoutFilter.doFilter(LogoutFilter.java:107) ~[spring-security-web-6.2.3.jar:6.2.3]
	at org.springframework.security.web.authentication.logout.LogoutFilter.doFilter(LogoutFilter.java:93) ~[spring-security-web-6.2.3.jar:6.2.3]
	at org.springframework.security.web.FilterChainProxy$VirtualFilterChain.doFilter(FilterChainProxy.java:374) ~[spring-security-web-6.2.3.jar:6.2.3]
	at org.springframework.security.web.header.HeaderWriterFilter.doHeadersAfter(HeaderWriterFilter.java:90) ~[spring-security-web-6.2.3.jar:6.2.3]
	at org.springframework.security.web.header.HeaderWriterFilter.doFilterInternal(HeaderWriterFilter.java:75) ~[spring-security-web-6.2.3.jar:6.2.3]
	at org.springframework.web.filter.OncePerRequestFilter.doFilter(OncePerRequestFilter.java:116) ~[spring-web-6.1.5.jar:6.1.5]
	at org.springframework.security.web.FilterChainProxy$VirtualFilterChain.doFilter(FilterChainProxy.java:374) ~[spring-security-web-6.2.3.jar:6.2.3]
	at org.springframework.security.web.context.SecurityContextHolderFilter.doFilter(SecurityContextHolderFilter.java:82) ~[spring-security-web-6.2.3.jar:6.2.3]
	at org.springframework.security.web.context.SecurityContextHolderFilter.doFilter(SecurityContextHolderFilter.java:69) ~[spring-security-web-6.2.3.jar:6.2.3]
	at org.springframework.security.web.FilterChainProxy$VirtualFilterChain.doFilter(FilterChainProxy.java:374) ~[spring-security-web-6.2.3.jar:6.2.3]
	at org.springframework.security.web.context.request.async.WebAsyncManagerIntegrationFilter.doFilterInternal(WebAsyncManagerIntegrationFilter.java:62) ~[spring-security-web-6.2.3.jar:6.2.3]
	at org.springframework.web.filter.OncePerRequestFilter.doFilter(OncePerRequestFilter.java:116) ~[spring-web-6.1.5.jar:6.1.5]
	at org.springframework.security.web.FilterChainProxy$VirtualFilterChain.doFilter(FilterChainProxy.java:374) ~[spring-security-web-6.2.3.jar:6.2.3]
	at org.springframework.security.web.session.DisableEncodeUrlFilter.doFilterInternal(DisableEncodeUrlFilter.java:42) ~[spring-security-web-6.2.3.jar:6.2.3]
	at org.springframework.web.filter.OncePerRequestFilter.doFilter(OncePerRequestFilter.java:116) ~[spring-web-6.1.5.jar:6.1.5]
	at org.springframework.security.web.FilterChainProxy$VirtualFilterChain.doFilter(FilterChainProxy.java:374) ~[spring-security-web-6.2.3.jar:6.2.3]
	at org.springframework.security.web.FilterChainProxy.doFilterInternal(FilterChainProxy.java:233) ~[spring-security-web-6.2.3.jar:6.2.3]
	at org.springframework.security.web.FilterChainProxy.doFilter(FilterChainProxy.java:191) ~[spring-security-web-6.2.3.jar:6.2.3]
	at org.springframework.web.filter.CompositeFilter$VirtualFilterChain.doFilter(CompositeFilter.java:113) ~[spring-web-6.1.5.jar:6.1.5]
	at org.springframework.web.servlet.handler.HandlerMappingIntrospector.lambda$createCacheFilter$3(HandlerMappingIntrospector.java:195) ~[spring-webmvc-6.1.5.jar:6.1.5]
	at org.springframework.web.filter.CompositeFilter$VirtualFilterChain.doFilter(CompositeFilter.java:113) ~[spring-web-6.1.5.jar:6.1.5]
	at org.springframework.web.filter.CompositeFilter.doFilter(CompositeFilter.java:74) ~[spring-web-6.1.5.jar:6.1.5]
	at org.springframework.security.config.annotation.web.configuration.WebMvcSecurityConfiguration$CompositeFilterChainProxy.doFilter(WebMvcSecurityConfiguration.java:230) ~[spring-security-config-6.2.3.jar:6.2.3]
	at org.springframework.web.filter.DelegatingFilterProxy.invokeDelegate(DelegatingFilterProxy.java:352) ~[spring-web-6.1.5.jar:6.1.5]
	at org.springframework.web.filter.DelegatingFilterProxy.doFilter(DelegatingFilterProxy.java:268) ~[spring-web-6.1.5.jar:6.1.5]
	at org.apache.catalina.core.ApplicationFilterChain.internalDoFilter(ApplicationFilterChain.java:174) ~[tomcat-embed-core-10.1.19.jar:10.1.19]
	at org.apache.catalina.core.ApplicationFilterChain.doFilter(ApplicationFilterChain.java:149) ~[tomcat-embed-core-10.1.19.jar:10.1.19]
	at org.springframework.web.filter.RequestContextFilter.doFilterInternal(RequestContextFilter.java:100) ~[spring-web-6.1.5.jar:6.1.5]
	at org.springframework.web.filter.OncePerRequestFilter.doFilter(OncePerRequestFilter.java:116) ~[spring-web-6.1.5.jar:6.1.5]
	at org.apache.catalina.core.ApplicationFilterChain.internalDoFilter(ApplicationFilterChain.java:174) ~[tomcat-embed-core-10.1.19.jar:10.1.19]
	at org.apache.catalina.core.ApplicationFilterChain.doFilter(ApplicationFilterChain.java:149) ~[tomcat-embed-core-10.1.19.jar:10.1.19]
	at org.springframework.web.filter.FormContentFilter.doFilterInternal(FormContentFilter.java:93) ~[spring-web-6.1.5.jar:6.1.5]
	at org.springframework.web.filter.OncePerRequestFilter.doFilter(OncePerRequestFilter.java:116) ~[spring-web-6.1.5.jar:6.1.5]
	at org.apache.catalina.core.ApplicationFilterChain.internalDoFilter(ApplicationFilterChain.java:174) ~[tomcat-embed-core-10.1.19.jar:10.1.19]
	at org.apache.catalina.core.ApplicationFilterChain.doFilter(ApplicationFilterChain.java:149) ~[tomcat-embed-core-10.1.19.jar:10.1.19]
	at org.springframework.web.filter.CharacterEncodingFilter.doFilterInternal(CharacterEncodingFilter.java:201) ~[spring-web-6.1.5.jar:6.1.5]
	at org.springframework.web.filter.OncePerRequestFilter.doFilter(OncePerRequestFilter.java:116) ~[spring-web-6.1.5.jar:6.1.5]
	at org.apache.catalina.core.ApplicationFilterChain.internalDoFilter(ApplicationFilterChain.java:174) ~[tomcat-embed-core-10.1.19.jar:10.1.19]
	at org.apache.catalina.core.ApplicationFilterChain.doFilter(ApplicationFilterChain.java:149) ~[tomcat-embed-core-10.1.19.jar:10.1.19]
	at org.apache.catalina.core.StandardWrapperValve.invoke(StandardWrapperValve.java:167) ~[tomcat-embed-core-10.1.19.jar:10.1.19]
	at org.apache.catalina.core.StandardContextValve.invoke(StandardContextValve.java:90) ~[tomcat-embed-core-10.1.19.jar:10.1.19]
	at org.apache.catalina.authenticator.AuthenticatorBase.invoke(AuthenticatorBase.java:482) ~[tomcat-embed-core-10.1.19.jar:10.1.19]
	at org.apache.catalina.core.StandardHostValve.invoke(StandardHostValve.java:115) ~[tomcat-embed-core-10.1.19.jar:10.1.19]
	at org.apache.catalina.valves.ErrorReportValve.invoke(ErrorReportValve.java:93) ~[tomcat-embed-core-10.1.19.jar:10.1.19]
	at org.apache.catalina.core.StandardEngineValve.invoke(StandardEngineValve.java:74) ~[tomcat-embed-core-10.1.19.jar:10.1.19]
	at org.apache.catalina.connector.CoyoteAdapter.service(CoyoteAdapter.java:344) ~[tomcat-embed-core-10.1.19.jar:10.1.19]
	at org.apache.coyote.http11.Http11Processor.service(Http11Processor.java:391) ~[tomcat-embed-core-10.1.19.jar:10.1.19]
	at org.apache.coyote.AbstractProcessorLight.process(AbstractProcessorLight.java:63) ~[tomcat-embed-core-10.1.19.jar:10.1.19]
	at org.apache.coyote.AbstractProtocol$ConnectionHandler.process(AbstractProtocol.java:896) ~[tomcat-embed-core-10.1.19.jar:10.1.19]
	at org.apache.tomcat.util.net.NioEndpoint$SocketProcessor.doRun(NioEndpoint.java:1744) ~[tomcat-embed-core-10.1.19.jar:10.1.19]
	at org.apache.tomcat.util.net.SocketProcessorBase.run(SocketProcessorBase.java:52) ~[tomcat-embed-core-10.1.19.jar:10.1.19]
	at org.apache.tomcat.util.threads.ThreadPoolExecutor.runWorker(ThreadPoolExecutor.java:1191) ~[tomcat-embed-core-10.1.19.jar:10.1.19]
	at org.apache.tomcat.util.threads.ThreadPoolExecutor$Worker.run(ThreadPoolExecutor.java:659) ~[tomcat-embed-core-10.1.19.jar:10.1.19]
	at org.apache.tomcat.util.threads.TaskThread$WrappingRunnable.run(TaskThread.java:63) ~[tomcat-embed-core-10.1.19.jar:10.1.19]
	at java.base/java.lang.Thread.run(Thread.java:1447) ~[na:na]

2026-04-16T01:41:36.449+05:30  INFO 14628 --- [MessageBroker-1] o.s.w.s.c.WebSocketMessageBrokerStats    : WebSocketSession[0 current WS(0)-HttpStream(0)-HttpPoll(0), 0 total, 0 closed abnormally (0 connect failure, 0 send limit, 0 transport error)], stompSubProtocol[processed CONNECT(0)-CONNECTED(0)-DISCONNECT(0)], stompBrokerRelay[null], inboundChannel[pool size = 0, active threads = 0, queued tasks = 0, completed tasks = 0], outboundChannel[pool size = 0, active threads = 0, queued tasks = 0, completed tasks = 0], sockJsScheduler[pool size = 1, active threads = 1, queued tasks = 0, completed tasks = 0]
