[INFO] Scanning for projects...
[INFO] 
[INFO] -----------------------< com.sliit:smartcampus >------------------------
[INFO] Building  0.0.1-SNAPSHOT
[INFO]   from pom.xml
[INFO] --------------------------------[ jar ]---------------------------------
[INFO] 
[INFO] --- clean:3.5.0:clean (default-clean) @ smartcampus ---
[INFO] Deleting C:\Users\Chanuque\it3030-paf-2026-smart-campus-groupWE_308_1.2\smartcampus\target
[INFO] 
[INFO] --- resources:3.3.1:resources (default-resources) @ smartcampus ---
[INFO] Copying 1 resource from src\main\resources to target\classes
[INFO] Copying 4 resources from src\main\resources to target\classes
[INFO] 
[INFO] --- compiler:3.14.1:compile (default-compile) @ smartcampus ---
[INFO] Recompiling the module because of changed source code.
[INFO] Compiling 51 source files with javac [debug parameters release 17] to target\classes
[INFO] -------------------------------------------------------------
[ERROR] COMPILATION ERROR : 
[INFO] -------------------------------------------------------------
[ERROR] /C:/Users/Chanuque/it3030-paf-2026-smart-campus-groupWE_308_1.2/smartcampus/src/main/java/com/sliit/smartcampus/controller/IncidentTicketController.java:[93,1] illegal start of expression
[ERROR] /C:/Users/Chanuque/it3030-paf-2026-smart-campus-groupWE_308_1.2/smartcampus/src/main/java/com/sliit/smartcampus/controller/IncidentTicketController.java:[93,4] illegal start of expression
[ERROR] /C:/Users/Chanuque/it3030-paf-2026-smart-campus-groupWE_308_1.2/smartcampus/src/main/java/com/sliit/smartcampus/controller/IncidentTicketController.java:[93,7] illegal start of expression
[ERROR] /C:/Users/Chanuque/it3030-paf-2026-smart-campus-groupWE_308_1.2/smartcampus/src/main/java/com/sliit/smartcampus/controller/IncidentTicketController.java:[93,12] ';' expected
[ERROR] /C:/Users/Chanuque/it3030-paf-2026-smart-campus-groupWE_308_1.2/smartcampus/src/main/java/com/sliit/smartcampus/controller/IncidentTicketController.java:[93,15] not a statement
[ERROR] /C:/Users/Chanuque/it3030-paf-2026-smart-campus-groupWE_308_1.2/smartcampus/src/main/java/com/sliit/smartcampus/controller/IncidentTicketController.java:[93,49] ';' expected
[INFO] 6 errors 
[INFO] -------------------------------------------------------------
[INFO] ------------------------------------------------------------------------
[INFO] BUILD FAILURE
[INFO] ------------------------------------------------------------------------
[INFO] Total time:  1.382 s
[INFO] Finished at: 2026-03-31T00:26:06+05:30
[INFO] ------------------------------------------------------------------------
[ERROR] Failed to execute goal org.apache.maven.plugins:maven-compiler-plugin:3.14.1:compile (default-compile) on project smartcampus: Compilation failure: Compilation failure: 
[ERROR] /C:/Users/Chanuque/it3030-paf-2026-smart-campus-groupWE_308_1.2/smartcampus/src/main/java/com/sliit/smartcampus/controller/IncidentTicketController.java:[93,1] illegal start of expression
[ERROR] /C:/Users/Chanuque/it3030-paf-2026-smart-campus-groupWE_308_1.2/smartcampus/src/main/java/com/sliit/smartcampus/controller/IncidentTicketController.java:[93,4] illegal start of expression
[ERROR] /C:/Users/Chanuque/it3030-paf-2026-smart-campus-groupWE_308_1.2/smartcampus/src/main/java/com/sliit/smartcampus/controller/IncidentTicketController.java:[93,7] illegal start of expression
[ERROR] /C:/Users/Chanuque/it3030-paf-2026-smart-campus-groupWE_308_1.2/smartcampus/src/main/java/com/sliit/smartcampus/controller/IncidentTicketController.java:[93,12] ';' expected
[ERROR] /C:/Users/Chanuque/it3030-paf-2026-smart-campus-groupWE_308_1.2/smartcampus/src/main/java/com/sliit/smartcampus/controller/IncidentTicketController.java:[93,15] not a statement
[ERROR] /C:/Users/Chanuque/it3030-paf-2026-smart-campus-groupWE_308_1.2/smartcampus/src/main/java/com/sliit/smartcampus/controller/IncidentTicketController.java:[93,49] ';' expected
[ERROR] -> [Help 1]
[ERROR] 
[ERROR] To see the full stack trace of the errors, re-run Maven with the -e switch.
[ERROR] Re-run Maven using the -X switch to enable full debug logging.
[ERROR] 
[ERROR] For more information about the errors and possible solutions, please read the following articles:
[ERROR] [Help 1] http://cwiki.apache.org/confluence/display/MAVEN/MojoFailureException
